2025-06-27 01:09:07,044 - __main__ - INFO - Starting Zoo Bot
2025-06-27 01:09:07,044 - __main__ - INFO - Successfully connected to MongoDB
2025-06-27 01:09:07,044 - __main__ - INFO - Successfully tested MongoDB connection
2025-06-27 01:09:07,044 - __main__ - INFO - Running in TEST MODE
2025-06-27 01:09:07,044 - __main__ - INFO - [TEST] Added handler: <telegram.ext._commandhandler.CommandHandler object at 0x7f6db8ad5840>
2025-06-27 01:09:07,044 - __main__ - INFO - [TEST] Added handler: <telegram.ext._commandhandler.CommandHandler object at 0x7f6db7ac0440>
2025-06-27 01:09:07,045 - __main__ - INFO - [TEST] Added handler: <telegram.ext._messagehandler.MessageHandler object at 0x7f6db7ac0ac0>
2025-06-27 01:09:07,045 - __main__ - INFO - [TEST] Added handler: <telegram.ext._messagehandler.MessageHandler object at 0x7f6db7ac0a40>
2025-06-27 01:09:07,045 - __main__ - INFO - [TEST] Added handler: <telegram.ext._messagehandler.MessageHandler object at 0x7f6db7ac0c40>
2025-06-27 01:09:07,045 - __main__ - INFO - [TEST] Added handler: <telegram.ext._messagehandler.MessageHandler object at 0x7f6db7ac0d00>
2025-06-27 01:09:07,045 - __main__ - INFO - [TEST] Added handler: <telegram.ext._messagehandler.MessageHandler object at 0x7f6db7ac0d80>
2025-06-27 01:09:07,045 - __main__ - INFO - [TEST] Added handler: <telegram.ext._callbackqueryhandler.CallbackQueryHandler object at 0x7f6db7ac0d40>
2025-06-27 01:09:07,045 - __main__ - INFO - [TEST] Added handler: <telegram.ext._callbackqueryhandler.CallbackQueryHandler object at 0x7f6db7ac0b00>
2025-06-27 01:09:07,045 - __main__ - INFO - [TEST] Added handler: <telegram.ext._callbackqueryhandler.CallbackQueryHandler object at 0x7f6db7ac0c00>
2025-06-27 01:09:07,046 - __main__ - INFO - [TEST] Added handler: <telegram.ext._callbackqueryhandler.CallbackQueryHandler object at 0x7f6db7ac11c0>
2025-06-27 01:09:07,046 - __main__ - INFO - [TEST] Added handler: <telegram.ext._callbackqueryhandler.CallbackQueryHandler object at 0x7f6db7ac1080>
2025-06-27 01:09:07,046 - __main__ - INFO - [TEST] Added handler: <telegram.ext._callbackqueryhandler.CallbackQueryHandler object at 0x7f6db7ac0c80>
2025-06-27 01:09:07,046 - __main__ - INFO - [TEST] Added handler: <telegram.ext._callbackqueryhandler.CallbackQueryHandler object at 0x7f6db7ac0dc0>
2025-06-27 01:09:07,046 - __main__ - INFO - [TEST] Added handler: <telegram.ext._callbackqueryhandler.CallbackQueryHandler object at 0x7f6db7ac1280>
2025-06-27 01:09:07,046 - __main__ - INFO - [TEST] Scheduled repeating job: hourly_star_update every 3600s
2025-06-27 01:09:07,046 - __main__ - INFO - [TEST] Scheduled daily job: daily_lottery_draw at 00:00:00
2025-06-27 01:09:07,046 - __main__ - INFO - Bot is ready to handle updates
2025-06-27 01:09:07,046 - __main__ - INFO - [TEST] Application initialized
2025-06-27 01:09:07,046 - __main__ - INFO - [TEST] Application started
2025-06-27 01:09:07,046 - __main__ - INFO - [TEST] Started polling
